[debug] [2019-06-18T02:54:02.145Z] ----------------------------------------------------------------------
[debug] [2019-06-18T02:54:02.148Z] Command:       C:\Program Files\nodejs\node.exe C:\Users\DFBHD\AppData\Roaming\npm\node_modules\firebase-tools\lib\bin\firebase.js deploy
[debug] [2019-06-18T02:54:02.148Z] CLI Version:   7.0.0
[debug] [2019-06-18T02:54:02.148Z] Platform:      win32
[debug] [2019-06-18T02:54:02.148Z] Node Version:  v10.15.3
[debug] [2019-06-18T02:54:02.150Z] Time:          Mon Jun 17 2019 19:54:02 GMT-0700 (Pacific Daylight Time)
[debug] [2019-06-18T02:54:02.150Z] ----------------------------------------------------------------------
[debug] 
[debug] [2019-06-18T02:54:02.162Z] > command requires scopes: ["email","openid","https://www.googleapis.com/auth/cloudplatformprojects.readonly","https://www.googleapis.com/auth/firebase","https://www.googleapis.com/auth/cloud-platform"]
[debug] [2019-06-18T02:54:02.163Z] > authorizing via signed-in user
[debug] [2019-06-18T02:54:02.163Z] [iam] checking project honkai-guide for permissions ["firebase.projects.get","firebasehosting.sites.update"]
[debug] [2019-06-18T02:54:02.166Z] >>> HTTP REQUEST POST https://cloudresourcemanager.googleapis.com/v1/projects/honkai-guide:testIamPermissions  

[debug] [2019-06-18T02:54:02.501Z] <<< HTTP RESPONSE 200
[debug] [2019-06-18T02:54:02.503Z] >>> HTTP REQUEST GET https://firebase.googleapis.com/v1beta1/projects/honkai-guide  
 
[debug] [2019-06-18T02:54:02.748Z] <<< HTTP RESPONSE 200
[info] 
[info] === Deploying to 'honkai-guide'...
[info] 
[info] i  deploying hosting
[debug] [2019-06-18T02:54:02.752Z] >>> HTTP REQUEST POST https://firebasehosting.googleapis.com/v1beta1/sites/honkai-guide/versions  

[debug] [2019-06-18T02:54:03.636Z] <<< HTTP RESPONSE 200
[info] i  hosting[honkai-guide]: beginning deploy...
[info] i  hosting[honkai-guide]: found 5 files in public
[debug] [2019-06-18T02:54:03.651Z] [hosting] hash cache [cHVibGlj] load error: lines is not defined
[debug] [2019-06-18T02:54:03.675Z] [hosting] hash cache [cHVibGlj] stored for 5 files
[debug] [2019-06-18T02:54:03.675Z] [hosting][hash queue][FINAL]
[debug] [2019-06-18T02:54:03.676Z] >>> HTTP REQUEST POST https://firebasehosting.googleapis.com/v1beta1/sites/honkai-guide/versions/e7aad5fa90986bcf:populateFiles  
 <request body omitted>
[debug] [2019-06-18T02:54:10.753Z] <<< HTTP RESPONSE 200
[debug] [2019-06-18T02:54:10.754Z] [hosting][populate queue][FINAL]
[debug] [2019-06-18T02:54:10.754Z] [hosting] uploads queued: 1
